<?xml version="1.0" encoding="utf-8"?><testsuites name="pytest tests"><testsuite name="pytest" errors="0" failures="0" skipped="0" tests="30" time="41.178" timestamp="2026-02-01T08:31:12.075929+00:00" hostname="agent-env-08580af0-e041-4ad2-9c4d-32bfc4bfe336"><testcase classname="backend.tests.test_admin_api.TestAdminAuth" name="test_admin_login_success" time="0.866" /><testcase classname="backend.tests.test_admin_api.TestAdminAuth" name="test_admin_login_invalid_email" time="0.810" /><testcase classname="backend.tests.test_admin_api.TestAdminAuth" name="test_admin_login_invalid_password" time="0.629" /><testcase classname="backend.tests.test_admin_api.TestAdminAuth" name="test_admin_verify_valid_token" time="1.620" /><testcase classname="backend.tests.test_admin_api.TestAdminAuth" name="test_admin_verify_invalid_token" time="0.618" /><testcase classname="backend.tests.test_admin_api.TestAdminAuth" name="test_admin_verify_no_token" time="0.808" /><testcase classname="backend.tests.test_admin_api.TestAdminStats" name="test_get_stats_authenticated" time="1.470" /><testcase classname="backend.tests.test_admin_api.TestAdminStats" name="test_get_stats_unauthenticated" time="0.599" /><testcase classname="backend.tests.test_admin_api.TestAdminContacts" name="test_get_contacts_authenticated" time="1.631" /><testcase classname="backend.tests.test_admin_api.TestAdminContacts" name="test_get_contacts_unauthenticated" time="0.889" /><testcase classname="backend.tests.test_admin_api.TestAdminContacts" name="test_update_contact_status" time="2.097" /><testcase classname="backend.tests.test_admin_api.TestAdminContacts" name="test_delete_contact" time="2.079" /><testcase classname="backend.tests.test_admin_api.TestAdminApplications" name="test_get_applications_authenticated" time="1.410" /><testcase classname="backend.tests.test_admin_api.TestAdminApplications" name="test_get_applications_unauthenticated" time="0.827" /><testcase classname="backend.tests.test_admin_api.TestAdminApplications" name="test_update_application_status" time="2.119" /><testcase classname="backend.tests.test_admin_api.TestAdminApplications" name="test_delete_application" time="2.247" /><testcase classname="backend.tests.test_admin_api.TestAdminBlog" name="test_get_blog_posts_authenticated" time="1.438" /><testcase classname="backend.tests.test_admin_api.TestAdminBlog" name="test_create_blog_post" time="1.245" /><testcase classname="backend.tests.test_admin_api.TestAdminBlog" name="test_create_blog_post_duplicate_slug" time="2.218" /><testcase classname="backend.tests.test_admin_api.TestAdminBlog" name="test_update_blog_post" time="2.272" /><testcase classname="backend.tests.test_admin_api.TestAdminBlog" name="test_delete_blog_post" time="2.240" /><testcase classname="backend.tests.test_admin_api.TestAdminFiles" name="test_get_files_authenticated" time="1.438" /><testcase classname="backend.tests.test_admin_api.TestAdminFiles" name="test_get_files_unauthenticated" time="0.624" /><testcase classname="backend.tests.test_admin_api.TestAdminFiles" name="test_upload_and_delete_file" time="2.898" /><testcase classname="backend.tests.test_admin_api.TestAdminFiles" name="test_public_file_access" time="2.064" /><testcase classname="backend.tests.test_admin_api.TestAdminEndpointSecurity" name="test_contacts_requires_auth" time="0.799" /><testcase classname="backend.tests.test_admin_api.TestAdminEndpointSecurity" name="test_applications_requires_auth" time="0.853" /><testcase classname="backend.tests.test_admin_api.TestAdminEndpointSecurity" name="test_blog_admin_requires_auth" time="0.616" /><testcase classname="backend.tests.test_admin_api.TestAdminEndpointSecurity" name="test_files_requires_auth" time="0.796" /><testcase classname="backend.tests.test_admin_api.TestAdminEndpointSecurity" name="test_stats_requires_auth" time="0.817" /></testsuite></testsuites>