<?xml version="1.0" encoding="utf-8"?><testsuites name="pytest tests"><testsuite name="pytest" errors="0" failures="0" skipped="0" tests="18" time="22.818" timestamp="2026-02-01T07:26:08.951697+00:00" hostname="agent-env-08580af0-e041-4ad2-9c4d-32bfc4bfe336"><testcase classname="backend.tests.test_api.TestHealthCheck" name="test_api_root" time="0.871" /><testcase classname="backend.tests.test_api.TestContactAPI" name="test_submit_contact_success" time="0.830" /><testcase classname="backend.tests.test_api.TestContactAPI" name="test_submit_contact_minimal_fields" time="1.856" /><testcase classname="backend.tests.test_api.TestContactAPI" name="test_submit_contact_missing_required_field" time="0.808" /><testcase classname="backend.tests.test_api.TestContactAPI" name="test_get_contacts" time="0.820" /><testcase classname="backend.tests.test_api.TestApplicationAPI" name="test_submit_application_success" time="0.821" /><testcase classname="backend.tests.test_api.TestApplicationAPI" name="test_submit_application_missing_field" time="1.857" /><testcase classname="backend.tests.test_api.TestApplicationAPI" name="test_get_applications" time="0.616" /><testcase classname="backend.tests.test_api.TestBlogAPI" name="test_get_blog_posts" time="0.836" /><testcase classname="backend.tests.test_api.TestBlogAPI" name="test_get_blog_post_by_slug" time="1.668" /><testcase classname="backend.tests.test_api.TestBlogAPI" name="test_get_blog_post_not_found" time="0.856" /><testcase classname="backend.tests.test_api.TestBlogAPI" name="test_create_blog_post" time="1.494" /><testcase classname="backend.tests.test_api.TestBlogAPI" name="test_create_blog_post_duplicate_slug" time="1.476" /><testcase classname="backend.tests.test_api.TestBlogAPI" name="test_update_blog_post" time="2.551" /><testcase classname="backend.tests.test_api.TestBlogAPI" name="test_delete_blog_post" time="3.017" /><testcase classname="backend.tests.test_api.TestBlogAPI" name="test_delete_blog_post_not_found" time="0.803" /><testcase classname="backend.tests.test_api.TestStatusAPI" name="test_create_status_check" time="0.859" /><testcase classname="backend.tests.test_api.TestStatusAPI" name="test_get_status_checks" time="0.624" /></testsuite></testsuites>